* using log directory 'd:/RCompile/CRANguest/R-devel/powerR.Rcheck'
* using R version 4.2.0 RC (2022-04-15 r82188 ucrt)
* using platform: x86_64-w64-mingw32 (64-bit)
* using session charset: UTF-8
* checking for file 'powerR/DESCRIPTION' ... OK
* checking extension type ... Package
* this is package 'powerR' version '0.1.0'
* package encoding: UTF-8
* checking CRAN incoming feasibility ... ERROR
Maintainer: 'Akshat Mittal <akshat.mittal2930@gmail.com>'

New submission

Conflicting package names (submitted: powerR, existing: powerr [CRAN archive])

The Title field should be in title case. Current version is:
'power calculator'
In title case that is:
'Power Calculator'

The Description field should start with a capital letter.
* checking package namespace information ... OK
* checking package dependencies ... OK
* checking if this is a source package ... OK
* checking if there is a namespace ... OK
* checking for hidden files and directories ... NOTE
Found the following hidden files and directories:
  .github
These were most likely included in error. See section 'Package
structure' in the 'Writing R Extensions' manual.

CRAN-pack does not know about
  .github
* checking for portable file names ... OK
* checking serialization versions ... OK
* checking whether package 'powerR' can be installed ... OK
* checking installed package size ... OK
* checking package directory ... OK
* checking for future file timestamps ... OK
* checking 'build' directory ... OK
* checking DESCRIPTION meta-information ... NOTE
Malformed Description field: should contain one or more complete sentences.
License components which are templates and need '+ file LICENSE':
  MIT
* checking top-level files ... NOTE
File
  LICENSE
is not mentioned in the DESCRIPTION file.
Non-standard file/directory found at top level:
  'example'
* checking for left-over files ... OK
* checking index information ... OK
* checking package subdirectories ... OK
* checking R files for non-ASCII characters ... OK
* checking R files for syntax errors ... OK
* checking whether the package can be loaded ... OK
* checking whether the package can be loaded with stated dependencies ... OK
* checking whether the package can be unloaded cleanly ... OK
* checking whether the namespace can be loaded with stated dependencies ... OK
* checking whether the namespace can be unloaded cleanly ... OK
* checking loading without being on the library search path ... OK
* checking use of S3 registration ... OK
* checking dependencies in R code ... OK
* checking S3 generic/method consistency ... OK
* checking replacement functions ... OK
* checking foreign function calls ... OK
* checking R code for possible problems ... [5s] OK
* checking Rd files ... [1s] OK
* checking Rd metadata ... OK
* checking Rd line widths ... OK
* checking Rd cross-references ... OK
* checking for missing documentation entries ... OK
* checking for code/documentation mismatches ... OK
* checking Rd \usage sections ... OK
* checking Rd contents ... OK
* checking for unstated dependencies in examples ... OK
* checking installed files from 'inst/doc' ... OK
* checking files in 'vignettes' ... OK
* checking examples ... NONE
* checking for unstated dependencies in vignettes ... OK
* checking package vignettes in 'inst/doc' ... OK
* checking re-building of vignette outputs ... [4s] OK
* checking PDF version of manual ... OK
* checking for detritus in the temp directory ... OK
* DONE
Status: 1 ERROR, 3 NOTEs
